\BOOKMARK [1][-]{section.1}{Introduction}{}% 1
\BOOKMARK [1][-]{section.2}{System description}{}% 2
\BOOKMARK [2][-]{subsection.2.1}{Reference Kalina cycle}{section.2}% 3
\BOOKMARK [2][-]{subsection.2.2}{Kalina Split-cycle}{section.2}% 4
\BOOKMARK [1][-]{section.3}{Methods}{}% 5
\BOOKMARK [2][-]{subsection.3.1}{Baseline case}{section.3}% 6
\BOOKMARK [3][-]{subsubsection.3.1.1}{Modelling}{subsection.3.1}% 7
\BOOKMARK [3][-]{subsubsection.3.1.2}{Simulation}{subsection.3.1}% 8
\BOOKMARK [3][-]{subsubsection.3.1.3}{Validation}{subsection.3.1}% 9
\BOOKMARK [2][-]{subsection.3.2}{Energy analysis}{section.3}% 10
\BOOKMARK [2][-]{subsection.3.3}{Exergy analysis}{section.3}% 11
\BOOKMARK [3][-]{subsubsection.3.3.1}{Exergetic accounting and components}{subsection.3.3}% 12
\BOOKMARK [1][-]{section.4}{Results}{}% 13
\BOOKMARK [2][-]{subsection.4.1}{Comparison of the 4 configurations}{section.4}% 14
\BOOKMARK [2][-]{subsection.4.2}{Energy and Exergy flow diagrams}{section.4}% 15
\BOOKMARK [2][-]{subsection.4.3}{Effect of the boundary conditions}{section.4}% 16
\BOOKMARK [1][-]{section.5}{Discussion}{}% 17
\BOOKMARK [2][-]{subsection.5.1}{Comparison with other studies}{section.5}% 18
\BOOKMARK [2][-]{subsection.5.2}{Theoretical implications and practical applications}{section.5}% 19
\BOOKMARK [2][-]{subsection.5.3}{Significance and limitations of the study}{section.5}% 20
\BOOKMARK [1][-]{section.6}{Conclusion}{}% 21
